<?xml version="1.0" encoding="UTF-8"?>
<testng-results skipped="0" failed="0" ignored="0" total="1" passed="1">
  <reporter-output>
  </reporter-output>
  <suite name="Default suite" duration-ms="91" started-at="2020-11-12T11:41:10 PST" finished-at="2020-11-12T11:41:10 PST">
    <groups>
    </groups>
    <test name="Default test" duration-ms="91" started-at="2020-11-12T11:41:10 PST" finished-at="2020-11-12T11:41:10 PST">
      <class name="Chap_2.InsertionSortTest">
        <test-method status="PASS" signature="test()[pri:0, instance:Chap_2.InsertionSortTest@2b2948e2]" name="test" duration-ms="21" started-at="2020-11-12T11:41:10 PST" finished-at="2020-11-12T11:41:10 PST">
          <reporter-output>
          </reporter-output>
        </test-method> <!-- test -->
      </class> <!-- Chap_2.InsertionSortTest -->
    </test> <!-- Default test -->
  </suite> <!-- Default suite -->
</testng-results>
